{"total": {"lines":{"total":5447,"covered":5204,"skipped":0,"pct":95.53},"statements":{"total":5447,"covered":5204,"skipped":0,"pct":95.53},"functions":{"total":238,"covered":222,"skipped":0,"pct":93.27},"branches":{"total":909,"covered":820,"skipped":0,"pct":90.2},"branchesTrue":{"total":0,"covered":0,"skipped":0,"pct":100}}
,"/Users/ronny/Documents/GitHub/Pulperia_SoftwareII/MORA_APP/backend/api/credits.ts": {"lines":{"total":240,"covered":235,"skipped":0,"pct":97.91},"functions":{"total":6,"covered":6,"skipped":0,"pct":100},"statements":{"total":240,"covered":235,"skipped":0,"pct":97.91},"branches":{"total":35,"covered":29,"skipped":0,"pct":82.85}}
,"/Users/ronny/Documents/GitHub/Pulperia_SoftwareII/MORA_APP/backend/api/payments.ts": {"lines":{"total":133,"covered":133,"skipped":0,"pct":100},"functions":{"total":3,"covered":3,"skipped":0,"pct":100},"statements":{"total":133,"covered":133,"skipped":0,"pct":100},"branches":{"total":23,"covered":23,"skipped":0,"pct":100}}
,"/Users/ronny/Documents/GitHub/Pulperia_SoftwareII/MORA_APP/backend/middleware/auth.ts": {"lines":{"total":226,"covered":226,"skipped":0,"pct":100},"functions":{"total":6,"covered":6,"skipped":0,"pct":100},"statements":{"total":226,"covered":226,"skipped":0,"pct":100},"branches":{"total":45,"covered":44,"skipped":0,"pct":97.77}}
,"/Users/ronny/Documents/GitHub/Pulperia_SoftwareII/MORA_APP/backend/services/notifications.ts": {"lines":{"total":22,"covered":22,"skipped":0,"pct":100},"functions":{"total":1,"covered":1,"skipped":0,"pct":100},"statements":{"total":22,"covered":22,"skipped":0,"pct":100},"branches":{"total":2,"covered":2,"skipped":0,"pct":100}}
,"/Users/ronny/Documents/GitHub/Pulperia_SoftwareII/MORA_APP/frontend/components/CreditCard.tsx": {"lines":{"total":191,"covered":191,"skipped":0,"pct":100},"functions":{"total":5,"covered":5,"skipped":0,"pct":100},"statements":{"total":191,"covered":191,"skipped":0,"pct":100},"branches":{"total":15,"covered":15,"skipped":0,"pct":100}}
,"/Users/ronny/Documents/GitHub/Pulperia_SoftwareII/MORA_APP/frontend/components/PaymentForm.tsx": {"lines":{"total":197,"covered":197,"skipped":0,"pct":100},"functions":{"total":6,"covered":6,"skipped":0,"pct":100},"statements":{"total":197,"covered":197,"skipped":0,"pct":100},"branches":{"total":27,"covered":26,"skipped":0,"pct":96.29}}
,"/Users/ronny/Documents/GitHub/Pulperia_SoftwareII/src/middleware.ts": {"lines":{"total":127,"covered":127,"skipped":0,"pct":100},"functions":{"total":5,"covered":5,"skipped":0,"pct":100},"statements":{"total":127,"covered":127,"skipped":0,"pct":100},"branches":{"total":34,"covered":34,"skipped":0,"pct":100}}
,"/Users/ronny/Documents/GitHub/Pulperia_SoftwareII/src/actions/clientes.ts": {"lines":{"total":75,"covered":71,"skipped":0,"pct":94.66},"functions":{"total":5,"covered":5,"skipped":0,"pct":100},"statements":{"total":75,"covered":71,"skipped":0,"pct":94.66},"branches":{"total":11,"covered":10,"skipped":0,"pct":90.9}}
,"/Users/ronny/Documents/GitHub/Pulperia_SoftwareII/src/actions/productos.ts": {"lines":{"total":47,"covered":47,"skipped":0,"pct":100},"functions":{"total":3,"covered":3,"skipped":0,"pct":100},"statements":{"total":47,"covered":47,"skipped":0,"pct":100},"branches":{"total":6,"covered":6,"skipped":0,"pct":100}}
,"/Users/ronny/Documents/GitHub/Pulperia_SoftwareII/src/actions/ventas.ts": {"lines":{"total":30,"covered":30,"skipped":0,"pct":100},"functions":{"total":1,"covered":1,"skipped":0,"pct":100},"statements":{"total":30,"covered":30,"skipped":0,"pct":100},"branches":{"total":7,"covered":4,"skipped":0,"pct":57.14}}
,"/Users/ronny/Documents/GitHub/Pulperia_SoftwareII/src/app/robots.ts": {"lines":{"total":25,"covered":0,"skipped":0,"pct":0},"functions":{"total":1,"covered":0,"skipped":0,"pct":0},"statements":{"total":25,"covered":0,"skipped":0,"pct":0},"branches":{"total":1,"covered":0,"skipped":0,"pct":0}}
,"/Users/ronny/Documents/GitHub/Pulperia_SoftwareII/src/app/(app)/error.tsx": {"lines":{"total":27,"covered":27,"skipped":0,"pct":100},"functions":{"total":1,"covered":1,"skipped":0,"pct":100},"statements":{"total":27,"covered":27,"skipped":0,"pct":100},"branches":{"total":2,"covered":2,"skipped":0,"pct":100}}
,"/Users/ronny/Documents/GitHub/Pulperia_SoftwareII/src/app/(app)/loading.tsx": {"lines":{"total":16,"covered":16,"skipped":0,"pct":100},"functions":{"total":1,"covered":1,"skipped":0,"pct":100},"statements":{"total":16,"covered":16,"skipped":0,"pct":100},"branches":{"total":2,"covered":2,"skipped":0,"pct":100}}
,"/Users/ronny/Documents/GitHub/Pulperia_SoftwareII/src/app/(app)/not-found.tsx": {"lines":{"total":17,"covered":17,"skipped":0,"pct":100},"functions":{"total":1,"covered":1,"skipped":0,"pct":100},"statements":{"total":17,"covered":17,"skipped":0,"pct":100},"branches":{"total":1,"covered":1,"skipped":0,"pct":100}}
,"/Users/ronny/Documents/GitHub/Pulperia_SoftwareII/src/app/(demo)/demo/(main)/DemoBanner.tsx": {"lines":{"total":48,"covered":46,"skipped":0,"pct":95.83},"functions":{"total":2,"covered":2,"skipped":0,"pct":100},"statements":{"total":48,"covered":46,"skipped":0,"pct":95.83},"branches":{"total":6,"covered":5,"skipped":0,"pct":83.33}}
,"/Users/ronny/Documents/GitHub/Pulperia_SoftwareII/src/app/(demo)/demo/entrar/route.ts": {"lines":{"total":34,"covered":0,"skipped":0,"pct":0},"functions":{"total":1,"covered":0,"skipped":0,"pct":0},"statements":{"total":34,"covered":0,"skipped":0,"pct":0},"branches":{"total":1,"covered":0,"skipped":0,"pct":0}}
,"/Users/ronny/Documents/GitHub/Pulperia_SoftwareII/src/app/(demo)/demo/salir/route.ts": {"lines":{"total":30,"covered":30,"skipped":0,"pct":100},"functions":{"total":2,"covered":2,"skipped":0,"pct":100},"statements":{"total":30,"covered":30,"skipped":0,"pct":100},"branches":{"total":7,"covered":7,"skipped":0,"pct":100}}
,"/Users/ronny/Documents/GitHub/Pulperia_SoftwareII/src/app/api/auth/login/route.ts": {"lines":{"total":92,"covered":70,"skipped":0,"pct":76.08},"functions":{"total":3,"covered":3,"skipped":0,"pct":100},"statements":{"total":92,"covered":70,"skipped":0,"pct":76.08},"branches":{"total":17,"covered":12,"skipped":0,"pct":70.58}}
,"/Users/ronny/Documents/GitHub/Pulperia_SoftwareII/src/app/api/health/route.ts": {"lines":{"total":8,"covered":8,"skipped":0,"pct":100},"functions":{"total":1,"covered":1,"skipped":0,"pct":100},"statements":{"total":8,"covered":8,"skipped":0,"pct":100},"branches":{"total":1,"covered":1,"skipped":0,"pct":100}}
,"/Users/ronny/Documents/GitHub/Pulperia_SoftwareII/src/components/Toast/ToastContext.tsx": {"lines":{"total":98,"covered":96,"skipped":0,"pct":97.95},"functions":{"total":4,"covered":3,"skipped":0,"pct":75},"statements":{"total":98,"covered":96,"skipped":0,"pct":97.95},"branches":{"total":15,"covered":11,"skipped":0,"pct":73.33}}
,"/Users/ronny/Documents/GitHub/Pulperia_SoftwareII/src/components/formularios/AvisoExito.tsx": {"lines":{"total":38,"covered":38,"skipped":0,"pct":100},"functions":{"total":1,"covered":1,"skipped":0,"pct":100},"statements":{"total":38,"covered":38,"skipped":0,"pct":100},"branches":{"total":11,"covered":11,"skipped":0,"pct":100}}
,"/Users/ronny/Documents/GitHub/Pulperia_SoftwareII/src/components/formularios/BotonEnviar.tsx": {"lines":{"total":28,"covered":28,"skipped":0,"pct":100},"functions":{"total":1,"covered":1,"skipped":0,"pct":100},"statements":{"total":28,"covered":28,"skipped":0,"pct":100},"branches":{"total":2,"covered":2,"skipped":0,"pct":100}}
,"/Users/ronny/Documents/GitHub/Pulperia_SoftwareII/src/components/formularios/ClienteForm.tsx": {"lines":{"total":69,"covered":69,"skipped":0,"pct":100},"functions":{"total":2,"covered":2,"skipped":0,"pct":100},"statements":{"total":69,"covered":69,"skipped":0,"pct":100},"branches":{"total":10,"covered":8,"skipped":0,"pct":80}}
,"/Users/ronny/Documents/GitHub/Pulperia_SoftwareII/src/components/formularios/EliminarRegistro.tsx": {"lines":{"total":50,"covered":50,"skipped":0,"pct":100},"functions":{"total":3,"covered":2,"skipped":0,"pct":66.66},"statements":{"total":50,"covered":50,"skipped":0,"pct":100},"branches":{"total":3,"covered":3,"skipped":0,"pct":100}}
,"/Users/ronny/Documents/GitHub/Pulperia_SoftwareII/src/components/formularios/ErrorFormulario.tsx": {"lines":{"total":9,"covered":9,"skipped":0,"pct":100},"functions":{"total":1,"covered":1,"skipped":0,"pct":100},"statements":{"total":9,"covered":9,"skipped":0,"pct":100},"branches":{"total":6,"covered":6,"skipped":0,"pct":100}}
,"/Users/ronny/Documents/GitHub/Pulperia_SoftwareII/src/components/formularios/FiadoForm.tsx": {"lines":{"total":47,"covered":47,"skipped":0,"pct":100},"functions":{"total":1,"covered":1,"skipped":0,"pct":100},"statements":{"total":47,"covered":47,"skipped":0,"pct":100},"branches":{"total":4,"covered":3,"skipped":0,"pct":75}}
,"/Users/ronny/Documents/GitHub/Pulperia_SoftwareII/src/components/formularios/NuevaVentaForm.tsx": {"lines":{"total":235,"covered":226,"skipped":0,"pct":96.17},"functions":{"total":10,"covered":6,"skipped":0,"pct":60},"statements":{"total":235,"covered":226,"skipped":0,"pct":96.17},"branches":{"total":38,"covered":33,"skipped":0,"pct":86.84}}
,"/Users/ronny/Documents/GitHub/Pulperia_SoftwareII/src/components/formularios/PagoForm.tsx": {"lines":{"total":104,"covered":104,"skipped":0,"pct":100},"functions":{"total":4,"covered":3,"skipped":0,"pct":75},"statements":{"total":104,"covered":104,"skipped":0,"pct":100},"branches":{"total":16,"covered":8,"skipped":0,"pct":50}}
,"/Users/ronny/Documents/GitHub/Pulperia_SoftwareII/src/components/formularios/ProductoForm.tsx": {"lines":{"total":91,"covered":91,"skipped":0,"pct":100},"functions":{"total":2,"covered":2,"skipped":0,"pct":100},"statements":{"total":91,"covered":91,"skipped":0,"pct":100},"branches":{"total":12,"covered":12,"skipped":0,"pct":100}}
,"/Users/ronny/Documents/GitHub/Pulperia_SoftwareII/src/components/formularios/carrito.ts": {"lines":{"total":39,"covered":39,"skipped":0,"pct":100},"functions":{"total":5,"covered":5,"skipped":0,"pct":100},"statements":{"total":39,"covered":39,"skipped":0,"pct":100},"branches":{"total":14,"covered":13,"skipped":0,"pct":92.85}}
,"/Users/ronny/Documents/GitHub/Pulperia_SoftwareII/src/components/formularios/index.ts": {"lines":{"total":9,"covered":9,"skipped":0,"pct":100},"functions":{"total":0,"covered":0,"skipped":0,"pct":100},"statements":{"total":9,"covered":9,"skipped":0,"pct":100},"branches":{"total":0,"covered":0,"skipped":0,"pct":100}}
,"/Users/ronny/Documents/GitHub/Pulperia_SoftwareII/src/components/formularios/tipos.ts": {"lines":{"total":4,"covered":0,"skipped":0,"pct":0},"functions":{"total":1,"covered":0,"skipped":0,"pct":0},"statements":{"total":4,"covered":0,"skipped":0,"pct":0},"branches":{"total":1,"covered":0,"skipped":0,"pct":0}}
,"/Users/ronny/Documents/GitHub/Pulperia_SoftwareII/src/components/formularios/useEnvioSinReinicio.ts": {"lines":{"total":18,"covered":18,"skipped":0,"pct":100},"functions":{"total":1,"covered":1,"skipped":0,"pct":100},"statements":{"total":18,"covered":18,"skipped":0,"pct":100},"branches":{"total":3,"covered":3,"skipped":0,"pct":100}}
,"/Users/ronny/Documents/GitHub/Pulperia_SoftwareII/src/components/layout/BarraNavegacion.tsx": {"lines":{"total":91,"covered":91,"skipped":0,"pct":100},"functions":{"total":4,"covered":4,"skipped":0,"pct":100},"statements":{"total":91,"covered":91,"skipped":0,"pct":100},"branches":{"total":18,"covered":18,"skipped":0,"pct":100}}
,"/Users/ronny/Documents/GitHub/Pulperia_SoftwareII/src/components/layout/RegistroServiceWorker.tsx": {"lines":{"total":18,"covered":18,"skipped":0,"pct":100},"functions":{"total":1,"covered":1,"skipped":0,"pct":100},"statements":{"total":18,"covered":18,"skipped":0,"pct":100},"branches":{"total":6,"covered":6,"skipped":0,"pct":100}}
,"/Users/ronny/Documents/GitHub/Pulperia_SoftwareII/src/components/productos/StockBajo.tsx": {"lines":{"total":103,"covered":103,"skipped":0,"pct":100},"functions":{"total":3,"covered":3,"skipped":0,"pct":100},"statements":{"total":103,"covered":103,"skipped":0,"pct":100},"branches":{"total":19,"covered":19,"skipped":0,"pct":100}}
,"/Users/ronny/Documents/GitHub/Pulperia_SoftwareII/src/components/ui/Alert.tsx": {"lines":{"total":26,"covered":26,"skipped":0,"pct":100},"functions":{"total":1,"covered":1,"skipped":0,"pct":100},"statements":{"total":26,"covered":26,"skipped":0,"pct":100},"branches":{"total":5,"covered":5,"skipped":0,"pct":100}}
,"/Users/ronny/Documents/GitHub/Pulperia_SoftwareII/src/components/ui/Badge.tsx": {"lines":{"total":19,"covered":19,"skipped":0,"pct":100},"functions":{"total":1,"covered":1,"skipped":0,"pct":100},"statements":{"total":19,"covered":19,"skipped":0,"pct":100},"branches":{"total":1,"covered":1,"skipped":0,"pct":100}}
,"/Users/ronny/Documents/GitHub/Pulperia_SoftwareII/src/components/ui/Button.tsx": {"lines":{"total":75,"covered":75,"skipped":0,"pct":100},"functions":{"total":2,"covered":2,"skipped":0,"pct":100},"statements":{"total":75,"covered":75,"skipped":0,"pct":100},"branches":{"total":7,"covered":7,"skipped":0,"pct":100}}
,"/Users/ronny/Documents/GitHub/Pulperia_SoftwareII/src/components/ui/Card.tsx": {"lines":{"total":41,"covered":41,"skipped":0,"pct":100},"functions":{"total":1,"covered":1,"skipped":0,"pct":100},"statements":{"total":41,"covered":41,"skipped":0,"pct":100},"branches":{"total":2,"covered":2,"skipped":0,"pct":100}}
,"/Users/ronny/Documents/GitHub/Pulperia_SoftwareII/src/components/ui/EmptyState.tsx": {"lines":{"total":48,"covered":48,"skipped":0,"pct":100},"functions":{"total":1,"covered":1,"skipped":0,"pct":100},"statements":{"total":48,"covered":48,"skipped":0,"pct":100},"branches":{"total":3,"covered":3,"skipped":0,"pct":100}}
,"/Users/ronny/Documents/GitHub/Pulperia_SoftwareII/src/components/ui/ErrorMessage.tsx": {"lines":{"total":23,"covered":23,"skipped":0,"pct":100},"functions":{"total":1,"covered":1,"skipped":0,"pct":100},"statements":{"total":23,"covered":23,"skipped":0,"pct":100},"branches":{"total":1,"covered":1,"skipped":0,"pct":100}}
,"/Users/ronny/Documents/GitHub/Pulperia_SoftwareII/src/components/ui/FilaEnlace.tsx": {"lines":{"total":40,"covered":40,"skipped":0,"pct":100},"functions":{"total":2,"covered":2,"skipped":0,"pct":100},"statements":{"total":40,"covered":40,"skipped":0,"pct":100},"branches":{"total":10,"covered":10,"skipped":0,"pct":100}}
,"/Users/ronny/Documents/GitHub/Pulperia_SoftwareII/src/components/ui/Input.tsx": {"lines":{"total":49,"covered":49,"skipped":0,"pct":100},"functions":{"total":1,"covered":1,"skipped":0,"pct":100},"statements":{"total":49,"covered":49,"skipped":0,"pct":100},"branches":{"total":11,"covered":11,"skipped":0,"pct":100}}
,"/Users/ronny/Documents/GitHub/Pulperia_SoftwareII/src/components/ui/LoadingSpinner.tsx": {"lines":{"total":35,"covered":35,"skipped":0,"pct":100},"functions":{"total":1,"covered":1,"skipped":0,"pct":100},"statements":{"total":35,"covered":35,"skipped":0,"pct":100},"branches":{"total":2,"covered":2,"skipped":0,"pct":100}}
,"/Users/ronny/Documents/GitHub/Pulperia_SoftwareII/src/components/ui/MetricCard.tsx": {"lines":{"total":36,"covered":36,"skipped":0,"pct":100},"functions":{"total":1,"covered":1,"skipped":0,"pct":100},"statements":{"total":36,"covered":36,"skipped":0,"pct":100},"branches":{"total":1,"covered":1,"skipped":0,"pct":100}}
,"/Users/ronny/Documents/GitHub/Pulperia_SoftwareII/src/components/ui/PageHeader.tsx": {"lines":{"total":30,"covered":30,"skipped":0,"pct":100},"functions":{"total":1,"covered":1,"skipped":0,"pct":100},"statements":{"total":30,"covered":30,"skipped":0,"pct":100},"branches":{"total":1,"covered":1,"skipped":0,"pct":100}}
,"/Users/ronny/Documents/GitHub/Pulperia_SoftwareII/src/components/ui/Select.tsx": {"lines":{"total":38,"covered":38,"skipped":0,"pct":100},"functions":{"total":1,"covered":1,"skipped":0,"pct":100},"statements":{"total":38,"covered":38,"skipped":0,"pct":100},"branches":{"total":5,"covered":1,"skipped":0,"pct":20}}
,"/Users/ronny/Documents/GitHub/Pulperia_SoftwareII/src/components/ui/Table.tsx": {"lines":{"total":92,"covered":92,"skipped":0,"pct":100},"functions":{"total":9,"covered":9,"skipped":0,"pct":100},"statements":{"total":92,"covered":92,"skipped":0,"pct":100},"branches":{"total":16,"covered":15,"skipped":0,"pct":93.75}}
,"/Users/ronny/Documents/GitHub/Pulperia_SoftwareII/src/components/ui/index.ts": {"lines":{"total":16,"covered":16,"skipped":0,"pct":100},"functions":{"total":0,"covered":0,"skipped":0,"pct":100},"statements":{"total":16,"covered":16,"skipped":0,"pct":100},"branches":{"total":0,"covered":0,"skipped":0,"pct":100}}
,"/Users/ronny/Documents/GitHub/Pulperia_SoftwareII/src/components/vistas/Acciones.tsx": {"lines":{"total":55,"covered":48,"skipped":0,"pct":87.27},"functions":{"total":3,"covered":2,"skipped":0,"pct":66.66},"statements":{"total":55,"covered":48,"skipped":0,"pct":87.27},"branches":{"total":4,"covered":4,"skipped":0,"pct":100}}
,"/Users/ronny/Documents/GitHub/Pulperia_SoftwareII/src/components/vistas/Buscador.tsx": {"lines":{"total":36,"covered":36,"skipped":0,"pct":100},"functions":{"total":1,"covered":1,"skipped":0,"pct":100},"statements":{"total":36,"covered":36,"skipped":0,"pct":100},"branches":{"total":1,"covered":1,"skipped":0,"pct":100}}
,"/Users/ronny/Documents/GitHub/Pulperia_SoftwareII/src/components/vistas/ClienteDetalleView.tsx": {"lines":{"total":129,"covered":129,"skipped":0,"pct":100},"functions":{"total":1,"covered":1,"skipped":0,"pct":100},"statements":{"total":129,"covered":129,"skipped":0,"pct":100},"branches":{"total":14,"covered":13,"skipped":0,"pct":92.85}}
,"/Users/ronny/Documents/GitHub/Pulperia_SoftwareII/src/components/vistas/ClientesView.tsx": {"lines":{"total":93,"covered":84,"skipped":0,"pct":90.32},"functions":{"total":1,"covered":1,"skipped":0,"pct":100},"statements":{"total":93,"covered":84,"skipped":0,"pct":90.32},"branches":{"total":14,"covered":10,"skipped":0,"pct":71.42}}
,"/Users/ronny/Documents/GitHub/Pulperia_SoftwareII/src/components/vistas/DashboardView.tsx": {"lines":{"total":111,"covered":106,"skipped":0,"pct":95.49},"functions":{"total":2,"covered":2,"skipped":0,"pct":100},"statements":{"total":111,"covered":106,"skipped":0,"pct":95.49},"branches":{"total":18,"covered":13,"skipped":0,"pct":72.22}}
,"/Users/ronny/Documents/GitHub/Pulperia_SoftwareII/src/components/vistas/ProductosView.tsx": {"lines":{"total":120,"covered":109,"skipped":0,"pct":90.83},"functions":{"total":1,"covered":1,"skipped":0,"pct":100},"statements":{"total":120,"covered":109,"skipped":0,"pct":90.83},"branches":{"total":11,"covered":6,"skipped":0,"pct":54.54}}
,"/Users/ronny/Documents/GitHub/Pulperia_SoftwareII/src/components/vistas/VentasView.tsx": {"lines":{"total":79,"covered":72,"skipped":0,"pct":91.13},"functions":{"total":1,"covered":1,"skipped":0,"pct":100},"statements":{"total":79,"covered":72,"skipped":0,"pct":91.13},"branches":{"total":13,"covered":11,"skipped":0,"pct":84.61}}
,"/Users/ronny/Documents/GitHub/Pulperia_SoftwareII/src/components/vistas/etiquetas.tsx": {"lines":{"total":12,"covered":12,"skipped":0,"pct":100},"functions":{"total":2,"covered":2,"skipped":0,"pct":100},"statements":{"total":12,"covered":12,"skipped":0,"pct":100},"branches":{"total":4,"covered":4,"skipped":0,"pct":100}}
,"/Users/ronny/Documents/GitHub/Pulperia_SoftwareII/src/components/vistas/index.ts": {"lines":{"total":11,"covered":11,"skipped":0,"pct":100},"functions":{"total":0,"covered":0,"skipped":0,"pct":100},"statements":{"total":11,"covered":11,"skipped":0,"pct":100},"branches":{"total":0,"covered":0,"skipped":0,"pct":100}}
,"/Users/ronny/Documents/GitHub/Pulperia_SoftwareII/src/components/vistas/modo.ts": {"lines":{"total":12,"covered":12,"skipped":0,"pct":100},"functions":{"total":2,"covered":2,"skipped":0,"pct":100},"statements":{"total":12,"covered":12,"skipped":0,"pct":100},"branches":{"total":4,"covered":4,"skipped":0,"pct":100}}
,"/Users/ronny/Documents/GitHub/Pulperia_SoftwareII/src/domain/errors.ts": {"lines":{"total":76,"covered":76,"skipped":0,"pct":100},"functions":{"total":8,"covered":8,"skipped":0,"pct":100},"statements":{"total":76,"covered":76,"skipped":0,"pct":100},"branches":{"total":9,"covered":8,"skipped":0,"pct":88.88}}
,"/Users/ronny/Documents/GitHub/Pulperia_SoftwareII/src/lib/dates.ts": {"lines":{"total":71,"covered":71,"skipped":0,"pct":100},"functions":{"total":6,"covered":6,"skipped":0,"pct":100},"statements":{"total":71,"covered":71,"skipped":0,"pct":100},"branches":{"total":8,"covered":8,"skipped":0,"pct":100}}
,"/Users/ronny/Documents/GitHub/Pulperia_SoftwareII/src/lib/format.ts": {"lines":{"total":71,"covered":71,"skipped":0,"pct":100},"functions":{"total":6,"covered":6,"skipped":0,"pct":100},"statements":{"total":71,"covered":71,"skipped":0,"pct":100},"branches":{"total":22,"covered":19,"skipped":0,"pct":86.36}}
,"/Users/ronny/Documents/GitHub/Pulperia_SoftwareII/src/lib/formulario.ts": {"lines":{"total":53,"covered":53,"skipped":0,"pct":100},"functions":{"total":3,"covered":3,"skipped":0,"pct":100},"statements":{"total":53,"covered":53,"skipped":0,"pct":100},"branches":{"total":8,"covered":8,"skipped":0,"pct":100}}
,"/Users/ronny/Documents/GitHub/Pulperia_SoftwareII/src/lib/params.ts": {"lines":{"total":24,"covered":19,"skipped":0,"pct":79.16},"functions":{"total":2,"covered":1,"skipped":0,"pct":50},"statements":{"total":24,"covered":19,"skipped":0,"pct":79.16},"branches":{"total":3,"covered":3,"skipped":0,"pct":100}}
,"/Users/ronny/Documents/GitHub/Pulperia_SoftwareII/src/lib/result.ts": {"lines":{"total":55,"covered":55,"skipped":0,"pct":100},"functions":{"total":3,"covered":3,"skipped":0,"pct":100},"statements":{"total":55,"covered":55,"skipped":0,"pct":100},"branches":{"total":14,"covered":14,"skipped":0,"pct":100}}
,"/Users/ronny/Documents/GitHub/Pulperia_SoftwareII/src/lib/texto.ts": {"lines":{"total":9,"covered":9,"skipped":0,"pct":100},"functions":{"total":2,"covered":2,"skipped":0,"pct":100},"statements":{"total":9,"covered":9,"skipped":0,"pct":100},"branches":{"total":2,"covered":2,"skipped":0,"pct":100}}
,"/Users/ronny/Documents/GitHub/Pulperia_SoftwareII/src/lib/cache/cacheKeys.ts": {"lines":{"total":106,"covered":106,"skipped":0,"pct":100},"functions":{"total":11,"covered":11,"skipped":0,"pct":100},"statements":{"total":106,"covered":106,"skipped":0,"pct":100},"branches":{"total":12,"covered":12,"skipped":0,"pct":100}}
,"/Users/ronny/Documents/GitHub/Pulperia_SoftwareII/src/lib/cache/cacheService.ts": {"lines":{"total":182,"covered":169,"skipped":0,"pct":92.85},"functions":{"total":7,"covered":7,"skipped":0,"pct":100},"statements":{"total":182,"covered":169,"skipped":0,"pct":92.85},"branches":{"total":39,"covered":33,"skipped":0,"pct":84.61}}
,"/Users/ronny/Documents/GitHub/Pulperia_SoftwareII/src/lib/cache/invalidation.ts": {"lines":{"total":92,"covered":78,"skipped":0,"pct":84.78},"functions":{"total":2,"covered":1,"skipped":0,"pct":50},"statements":{"total":92,"covered":78,"skipped":0,"pct":84.78},"branches":{"total":14,"covered":10,"skipped":0,"pct":71.42}}
,"/Users/ronny/Documents/GitHub/Pulperia_SoftwareII/src/lib/demo/demo-config.ts": {"lines":{"total":64,"covered":59,"skipped":0,"pct":92.18},"functions":{"total":2,"covered":1,"skipped":0,"pct":50},"statements":{"total":64,"covered":59,"skipped":0,"pct":92.18},"branches":{"total":2,"covered":2,"skipped":0,"pct":100}}
,"/Users/ronny/Documents/GitHub/Pulperia_SoftwareII/src/lib/demo/demo-data.ts": {"lines":{"total":89,"covered":89,"skipped":0,"pct":100},"functions":{"total":2,"covered":2,"skipped":0,"pct":100},"statements":{"total":89,"covered":89,"skipped":0,"pct":100},"branches":{"total":2,"covered":2,"skipped":0,"pct":100}}
,"/Users/ronny/Documents/GitHub/Pulperia_SoftwareII/src/lib/demo/session.ts": {"lines":{"total":41,"covered":0,"skipped":0,"pct":0},"functions":{"total":1,"covered":0,"skipped":0,"pct":0},"statements":{"total":41,"covered":0,"skipped":0,"pct":0},"branches":{"total":1,"covered":0,"skipped":0,"pct":0}}
,"/Users/ronny/Documents/GitHub/Pulperia_SoftwareII/src/lib/security/validators.ts": {"lines":{"total":202,"covered":202,"skipped":0,"pct":100},"functions":{"total":12,"covered":12,"skipped":0,"pct":100},"statements":{"total":202,"covered":202,"skipped":0,"pct":100},"branches":{"total":97,"covered":97,"skipped":0,"pct":100}}
,"/Users/ronny/Documents/GitHub/Pulperia_SoftwareII/src/lib/supabase/client.ts": {"lines":{"total":7,"covered":7,"skipped":0,"pct":100},"functions":{"total":1,"covered":1,"skipped":0,"pct":100},"statements":{"total":7,"covered":7,"skipped":0,"pct":100},"branches":{"total":1,"covered":1,"skipped":0,"pct":100}}
,"/Users/ronny/Documents/GitHub/Pulperia_SoftwareII/src/lib/supabase/env.ts": {"lines":{"total":18,"covered":18,"skipped":0,"pct":100},"functions":{"total":2,"covered":2,"skipped":0,"pct":100},"statements":{"total":18,"covered":18,"skipped":0,"pct":100},"branches":{"total":5,"covered":5,"skipped":0,"pct":100}}
,"/Users/ronny/Documents/GitHub/Pulperia_SoftwareII/src/lib/supabase/server-utils.ts": {"lines":{"total":29,"covered":29,"skipped":0,"pct":100},"functions":{"total":3,"covered":3,"skipped":0,"pct":100},"statements":{"total":29,"covered":29,"skipped":0,"pct":100},"branches":{"total":4,"covered":4,"skipped":0,"pct":100}}
,"/Users/ronny/Documents/GitHub/Pulperia_SoftwareII/src/lib/supabase/server.ts": {"lines":{"total":29,"covered":29,"skipped":0,"pct":100},"functions":{"total":3,"covered":3,"skipped":0,"pct":100},"statements":{"total":29,"covered":29,"skipped":0,"pct":100},"branches":{"total":5,"covered":5,"skipped":0,"pct":100}}
,"/Users/ronny/Documents/GitHub/Pulperia_SoftwareII/src/services/CasoDeUso.ts": {"lines":{"total":10,"covered":0,"skipped":0,"pct":0},"functions":{"total":1,"covered":0,"skipped":0,"pct":0},"statements":{"total":10,"covered":0,"skipped":0,"pct":0},"branches":{"total":1,"covered":0,"skipped":0,"pct":0}}
,"/Users/ronny/Documents/GitHub/Pulperia_SoftwareII/src/services/EliminarCliente.ts": {"lines":{"total":29,"covered":29,"skipped":0,"pct":100},"functions":{"total":2,"covered":2,"skipped":0,"pct":100},"statements":{"total":29,"covered":29,"skipped":0,"pct":100},"branches":{"total":6,"covered":6,"skipped":0,"pct":100}}
,"/Users/ronny/Documents/GitHub/Pulperia_SoftwareII/src/services/EliminarProducto.ts": {"lines":{"total":28,"covered":26,"skipped":0,"pct":92.85},"functions":{"total":2,"covered":2,"skipped":0,"pct":100},"statements":{"total":28,"covered":26,"skipped":0,"pct":92.85},"branches":{"total":6,"covered":5,"skipped":0,"pct":83.33}}
,"/Users/ronny/Documents/GitHub/Pulperia_SoftwareII/src/services/GuardarCliente.ts": {"lines":{"total":37,"covered":37,"skipped":0,"pct":100},"functions":{"total":5,"covered":5,"skipped":0,"pct":100},"statements":{"total":37,"covered":37,"skipped":0,"pct":100},"branches":{"total":8,"covered":8,"skipped":0,"pct":100}}
,"/Users/ronny/Documents/GitHub/Pulperia_SoftwareII/src/services/GuardarProducto.ts": {"lines":{"total":42,"covered":42,"skipped":0,"pct":100},"functions":{"total":6,"covered":6,"skipped":0,"pct":100},"statements":{"total":42,"covered":42,"skipped":0,"pct":100},"branches":{"total":12,"covered":12,"skipped":0,"pct":100}}
,"/Users/ronny/Documents/GitHub/Pulperia_SoftwareII/src/services/RegistrarFiado.ts": {"lines":{"total":24,"covered":24,"skipped":0,"pct":100},"functions":{"total":3,"covered":3,"skipped":0,"pct":100},"statements":{"total":24,"covered":24,"skipped":0,"pct":100},"branches":{"total":5,"covered":5,"skipped":0,"pct":100}}
,"/Users/ronny/Documents/GitHub/Pulperia_SoftwareII/src/services/RegistrarPago.ts": {"lines":{"total":59,"covered":57,"skipped":0,"pct":96.61},"functions":{"total":2,"covered":2,"skipped":0,"pct":100},"statements":{"total":59,"covered":57,"skipped":0,"pct":96.61},"branches":{"total":17,"covered":15,"skipped":0,"pct":88.23}}
,"/Users/ronny/Documents/GitHub/Pulperia_SoftwareII/src/services/RegistrarVenta.ts": {"lines":{"total":108,"covered":103,"skipped":0,"pct":95.37},"functions":{"total":5,"covered":5,"skipped":0,"pct":100},"statements":{"total":108,"covered":103,"skipped":0,"pct":95.37},"branches":{"total":33,"covered":27,"skipped":0,"pct":81.81}}
,"/Users/ronny/Documents/GitHub/Pulperia_SoftwareII/src/services/index.ts": {"lines":{"total":13,"covered":13,"skipped":0,"pct":100},"functions":{"total":0,"covered":0,"skipped":0,"pct":100},"statements":{"total":13,"covered":13,"skipped":0,"pct":100},"branches":{"total":0,"covered":0,"skipped":0,"pct":100}}
,"/Users/ronny/Documents/GitHub/Pulperia_SoftwareII/src/services/validacion.ts": {"lines":{"total":17,"covered":17,"skipped":0,"pct":100},"functions":{"total":1,"covered":1,"skipped":0,"pct":100},"statements":{"total":17,"covered":17,"skipped":0,"pct":100},"branches":{"total":4,"covered":4,"skipped":0,"pct":100}}
}
