TN:
SF:MORA_APP/backend/api/credits.ts
FN:11,getCredits
FN:58,createCredit
FN:119,getCreditById
FN:152,updateCredit
FN:187,deleteCredit
FN:218,handler
FNF:6
FNH:6
FNDA:4,getCredits
FNDA:6,createCredit
FNDA:3,getCreditById
FNDA:3,updateCredit
FNDA:3,deleteCredit
FNDA:2,handler
DA:1,1
DA:2,1
DA:3,1
DA:4,1
DA:5,1
DA:6,1
DA:7,1
DA:8,1
DA:9,1
DA:10,1
DA:11,1
DA:12,4
DA:13,4
DA:14,4
DA:15,4
DA:16,4
DA:17,4
DA:18,4
DA:19,4
DA:20,4
DA:21,2
DA:22,2
DA:23,2
DA:24,2
DA:25,2
DA:26,2
DA:27,2
DA:28,2
DA:29,2
DA:30,2
DA:31,2
DA:32,2
DA:33,2
DA:34,2
DA:35,2
DA:36,2
DA:37,2
DA:38,2
DA:39,2
DA:40,2
DA:41,2
DA:42,2
DA:43,2
DA:44,2
DA:45,2
DA:46,4
DA:47,1
DA:48,1
DA:49,1
DA:50,1
DA:51,1
DA:52,4
DA:53,1
DA:54,1
DA:55,1
DA:56,1
DA:57,1
DA:58,1
DA:59,6
DA:60,6
DA:61,6
DA:62,6
DA:63,6
DA:64,6
DA:65,6
DA:66,6
DA:67,6
DA:68,6
DA:69,6
DA:70,1
DA:71,1
DA:72,5
DA:73,5
DA:74,5
DA:75,5
DA:76,6
DA:77,1
DA:78,1
DA:79,4
DA:80,4
DA:81,4
DA:82,4
DA:83,4
DA:84,4
DA:85,4
DA:86,6
DA:87,6
DA:88,6
DA:89,6
DA:90,6
DA:91,6
DA:92,6
DA:93,6
DA:94,6
DA:95,4
DA:96,6
DA:97,3
DA:98,3
DA:99,3
DA:100,3
DA:101,3
DA:102,3
DA:103,3
DA:104,3
DA:105,3
DA:106,3
DA:107,3
DA:108,3
DA:109,3
DA:110,6
DA:111,1
DA:112,1
DA:113,6
DA:114,1
DA:115,1
DA:116,1
DA:117,1
DA:118,1
DA:119,1
DA:120,3
DA:121,3
DA:122,3
DA:123,3
DA:124,3
DA:125,3
DA:126,3
DA:127,3
DA:128,3
DA:129,3
DA:130,3
DA:131,3
DA:132,3
DA:133,3
DA:134,3
DA:135,3
DA:136,3
DA:137,2
DA:138,3
DA:139,1
DA:140,1
DA:141,1
DA:142,1
DA:143,1
DA:144,1
DA:145,1
DA:146,3
DA:147,1
DA:148,1
DA:149,1
DA:150,1
DA:151,1
DA:152,1
DA:153,3
DA:154,3
DA:155,3
DA:156,3
DA:157,3
DA:158,1
DA:159,1
DA:160,2
DA:161,2
DA:162,2
DA:163,2
DA:164,2
DA:165,2
DA:166,2
DA:167,2
DA:168,2
DA:169,2
DA:170,2
DA:171,2
DA:172,2
DA:173,2
DA:174,2
DA:175,3
DA:176,1
DA:177,1
DA:178,1
DA:179,1
DA:180,1
DA:181,3
DA:182,1
DA:183,1
DA:184,1
DA:185,1
DA:186,1
DA:187,1
DA:188,3
DA:189,3
DA:190,3
DA:191,3
DA:192,3
DA:193,1
DA:194,1
DA:195,2
DA:196,2
DA:197,2
DA:198,2
DA:199,2
DA:200,2
DA:201,2
DA:202,2
DA:203,2
DA:204,2
DA:205,2
DA:206,3
DA:207,1
DA:208,1
DA:209,1
DA:210,1
DA:211,1
DA:212,3
DA:213,1
DA:214,1
DA:215,1
DA:216,1
DA:217,1
DA:218,1
DA:219,2
DA:220,2
DA:221,2
DA:222,2
DA:223,2
DA:224,2
DA:225,2
DA:226,1
DA:227,0
DA:228,0
DA:229,1
DA:230,2
DA:231,0
DA:232,2
DA:233,0
DA:234,2
DA:235,0
DA:236,2
DA:237,1
DA:238,2
DA:239,2
DA:240,2
LF:240
LH:235
BRDA:11,0,0,4
BRDA:19,1,0,2
BRDA:20,2,0,2
BRDA:46,3,0,1
BRDA:58,4,0,6
BRDA:69,5,0,1
BRDA:71,6,0,5
BRDA:76,7,0,1
BRDA:78,8,0,4
BRDA:86,9,0,0
BRDA:87,10,0,0
BRDA:94,11,0,4
BRDA:96,12,0,1
BRDA:96,13,0,3
BRDA:110,14,0,1
BRDA:119,15,0,3
BRDA:136,16,0,2
BRDA:138,17,0,1
BRDA:138,18,0,1
BRDA:152,19,0,3
BRDA:157,20,0,1
BRDA:159,21,0,2
BRDA:175,22,0,1
BRDA:187,23,0,3
BRDA:192,24,0,1
BRDA:194,25,0,2
BRDA:206,26,0,1
BRDA:218,27,0,2
BRDA:223,28,0,2
BRDA:225,29,0,1
BRDA:226,30,0,0
BRDA:230,31,0,0
BRDA:232,32,0,0
BRDA:234,33,0,0
BRDA:236,34,0,1
BRF:35
BRH:29
end_of_record
TN:
SF:MORA_APP/backend/api/payments.ts
FN:12,registerPayment
FN:91,getPaymentsByCredit
FN:119,handler
FNF:3
FNH:3
FNDA:11,registerPayment
FNDA:7,getPaymentsByCredit
FNDA:3,handler
DA:1,1
DA:2,1
DA:3,1
DA:4,1
DA:5,1
DA:6,1
DA:7,1
DA:8,1
DA:9,1
DA:10,1
DA:11,1
DA:12,1
DA:13,11
DA:14,11
DA:15,11
DA:16,11
DA:17,11
DA:18,11
DA:19,11
DA:20,11
DA:21,11
DA:22,11
DA:23,11
DA:24,11
DA:25,11
DA:26,2
DA:27,2
DA:28,9
DA:29,9
DA:30,9
DA:31,9
DA:32,9
DA:33,9
DA:34,9
DA:35,9
DA:36,11
DA:37,1
DA:38,1
DA:39,8
DA:40,8
DA:41,11
DA:42,2
DA:43,2
DA:44,2
DA:45,2
DA:46,2
DA:47,6
DA:48,6
DA:49,6
DA:50,6
DA:51,6
DA:52,6
DA:53,6
DA:54,6
DA:55,6
DA:56,6
DA:57,6
DA:58,6
DA:59,6
DA:60,6
DA:61,6
DA:62,6
DA:63,6
DA:64,11
DA:65,5
DA:66,5
DA:67,5
DA:68,5
DA:69,5
DA:70,5
DA:71,5
DA:72,5
DA:73,5
DA:74,5
DA:75,5
DA:76,5
DA:77,4
DA:78,4
DA:79,4
DA:80,4
DA:81,4
DA:82,11
DA:83,2
DA:84,2
DA:85,11
DA:86,1
DA:87,1
DA:88,1
DA:89,1
DA:90,1
DA:91,1
DA:92,7
DA:93,7
DA:94,7
DA:95,7
DA:96,7
DA:97,7
DA:98,7
DA:99,7
DA:100,7
DA:101,7
DA:102,7
DA:103,7
DA:104,7
DA:105,7
DA:106,7
DA:107,7
DA:108,7
DA:109,7
DA:110,7
DA:111,7
DA:112,6
DA:113,6
DA:114,7
DA:115,1
DA:116,1
DA:117,7
DA:118,1
DA:119,1
DA:120,3
DA:121,3
DA:122,3
DA:123,3
DA:124,3
DA:125,3
DA:126,1
DA:127,3
DA:128,1
DA:129,3
DA:130,1
DA:131,3
DA:132,3
DA:133,3
LF:133
LH:133
BRDA:12,0,0,11
BRDA:25,1,0,10
BRDA:25,2,0,2
BRDA:27,3,0,9
BRDA:36,4,0,8
BRDA:36,5,0,1
BRDA:38,6,0,8
BRDA:41,7,0,7
BRDA:41,8,0,2
BRDA:46,9,0,6
BRDA:64,10,0,1
BRDA:64,11,0,5
BRDA:76,12,0,4
BRDA:82,13,0,2
BRDA:91,14,0,7
BRDA:111,15,0,1
BRDA:111,16,0,6
BRDA:114,17,0,1
BRDA:119,18,0,3
BRDA:123,19,0,3
BRDA:125,20,0,1
BRDA:127,21,0,1
BRDA:129,22,0,1
BRF:23
BRH:23
end_of_record
TN:
SF:MORA_APP/backend/middleware/auth.ts
FN:11,authMiddleware
FN:62,requireRole
FN:85,rateLimit
FN:116,corsMiddleware
FN:143,securityHeaders
FN:172,validateInput
FNF:6
FNH:6
FNDA:9,authMiddleware
FNDA:4,requireRole
FNDA:3,rateLimit
FNDA:3,corsMiddleware
FNDA:2,securityHeaders
FNDA:11,validateInput
DA:1,1
DA:2,1
DA:3,1
DA:4,1
DA:5,1
DA:6,1
DA:7,1
DA:8,1
DA:9,1
DA:10,1
DA:11,1
DA:12,9
DA:13,9
DA:14,9
DA:15,9
DA:16,9
DA:17,9
DA:18,9
DA:19,9
DA:20,9
DA:21,1
DA:22,1
DA:23,8
DA:24,8
DA:25,8
DA:26,8
DA:27,8
DA:28,8
DA:29,8
DA:30,8
DA:31,7
DA:32,9
DA:33,1
DA:34,1
DA:35,6
DA:36,6
DA:37,6
DA:38,6
DA:39,6
DA:40,6
DA:41,6
DA:42,6
DA:43,6
DA:44,6
DA:45,6
DA:46,6
DA:47,9
DA:48,9
DA:49,9
DA:50,9
DA:51,9
DA:52,9
DA:53,9
DA:54,1
DA:55,1
DA:56,1
DA:57,9
DA:58,1
DA:59,1
DA:60,1
DA:61,1
DA:62,1
DA:63,4
DA:64,4
DA:65,4
DA:66,4
DA:67,4
DA:68,4
DA:69,4
DA:70,2
DA:71,2
DA:72,2
DA:73,2
DA:74,2
DA:75,2
DA:76,2
DA:77,4
DA:78,4
DA:79,1
DA:80,1
DA:81,1
DA:82,1
DA:83,1
DA:84,1
DA:85,1
DA:86,3
DA:87,12
DA:88,12
DA:89,12
DA:90,12
DA:91,12
DA:92,12
DA:93,2
DA:94,2
DA:95,12
DA:96,12
DA:97,12
DA:98,12
DA:99,12
DA:100,5
DA:101,5
DA:102,5
DA:103,5
DA:104,5
DA:105,7
DA:106,7
DA:107,7
DA:108,7
DA:109,7
DA:110,7
DA:111,3
DA:112,1
DA:113,1
DA:114,1
DA:115,1
DA:116,1
DA:117,3
DA:118,3
DA:119,3
DA:120,3
DA:121,3
DA:122,3
DA:123,3
DA:124,3
DA:125,2
DA:126,2
DA:127,3
DA:128,3
DA:129,3
DA:130,3
DA:131,3
DA:132,3
DA:133,1
DA:134,1
DA:135,1
DA:136,2
DA:137,2
DA:138,2
DA:139,1
DA:140,1
DA:141,1
DA:142,1
DA:143,1
DA:144,2
DA:145,2
DA:146,2
DA:147,2
DA:148,2
DA:149,2
DA:150,2
DA:151,2
DA:152,2
DA:153,2
DA:154,2
DA:155,2
DA:156,2
DA:157,2
DA:158,2
DA:159,2
DA:160,2
DA:161,2
DA:162,2
DA:163,2
DA:164,2
DA:165,2
DA:166,2
DA:167,2
DA:168,1
DA:169,1
DA:170,1
DA:171,1
DA:172,1
DA:173,11
DA:174,11
DA:175,11
DA:176,16
DA:177,16
DA:178,16
DA:179,5
DA:180,2
DA:181,2
DA:182,16
DA:183,3
DA:184,1
DA:185,1
DA:186,11
DA:187,4
DA:188,1
DA:189,1
DA:190,4
DA:191,4
DA:192,1
DA:193,1
DA:194,4
DA:195,16
DA:196,11
DA:197,11
DA:198,11
DA:199,1
DA:200,1
DA:201,1
DA:202,1
DA:203,1
DA:204,1
DA:205,1
DA:206,1
DA:207,1
DA:208,1
DA:209,1
DA:210,1
DA:211,1
DA:212,1
DA:213,1
DA:214,1
DA:215,1
DA:216,1
DA:217,1
DA:218,1
DA:219,1
DA:220,1
DA:221,1
DA:222,1
DA:223,1
DA:224,1
DA:225,1
DA:226,1
LF:226
LH:226
BRDA:11,0,0,9
BRDA:20,1,0,1
BRDA:22,2,0,8
BRDA:30,3,0,7
BRDA:32,4,0,6
BRDA:32,5,0,1
BRDA:34,6,0,6
BRDA:47,7,0,5
BRDA:47,8,0,1
BRDA:48,9,0,5
BRDA:53,10,0,1
BRDA:62,11,0,4
BRDA:63,12,0,4
BRDA:68,13,0,4
BRDA:69,14,0,2
BRDA:69,15,0,2
BRDA:85,16,0,3
BRDA:86,17,0,12
BRDA:87,18,0,9
BRDA:87,19,0,3
BRDA:92,20,0,2
BRDA:99,21,0,5
BRDA:104,22,0,7
BRDA:97,23,0,33
BRDA:116,24,0,3
BRDA:118,25,0,0
BRDA:124,26,0,2
BRDA:132,27,0,1
BRDA:135,28,0,2
BRDA:143,29,0,2
BRDA:172,30,0,11
BRDA:175,31,0,16
BRDA:178,32,0,5
BRDA:179,33,0,4
BRDA:179,34,0,2
BRDA:182,35,0,11
BRDA:182,36,0,3
BRDA:183,37,0,1
BRDA:186,38,0,8
BRDA:186,39,0,4
BRDA:187,40,0,3
BRDA:187,41,0,1
BRDA:191,42,0,1
BRDA:197,43,0,5
BRDA:197,44,0,6
BRF:45
BRH:44
end_of_record
TN:
SF:MORA_APP/backend/services/notifications.ts
FN:13,sendPaymentNotification
FNF:1
FNH:1
FNDA:2,sendPaymentNotification
DA:1,1
DA:2,1
DA:3,1
DA:4,1
DA:5,1
DA:6,1
DA:7,1
DA:8,1
DA:9,1
DA:10,1
DA:11,1
DA:12,1
DA:13,1
DA:14,2
DA:15,2
DA:16,2
DA:17,1
DA:18,1
DA:19,1
DA:20,1
DA:21,1
DA:22,1
LF:22
LH:22
BRDA:13,0,0,2
BRDA:16,1,0,1
BRF:2
BRH:2
end_of_record
TN:
SF:MORA_APP/frontend/components/CreditCard.tsx
FN:33,CreditCard
FN:154,onClick
FN:162,onClick
FN:171,onClick
FN:180,onClick
FNF:5
FNH:5
FNDA:42,CreditCard
FNDA:7,onClick
FNDA:2,onClick
FNDA:2,onClick
FNDA:2,onClick
DA:1,1
DA:2,1
DA:3,1
DA:4,1
DA:5,1
DA:6,1
DA:7,1
DA:8,1
DA:9,1
DA:10,1
DA:11,1
DA:12,1
DA:13,1
DA:14,1
DA:15,1
DA:16,1
DA:17,1
DA:18,1
DA:19,1
DA:20,1
DA:21,1
DA:22,1
DA:23,1
DA:24,1
DA:25,1
DA:26,1
DA:27,1
DA:28,1
DA:29,1
DA:30,1
DA:31,1
DA:32,1
DA:33,1
DA:34,42
DA:35,42
DA:36,42
DA:37,42
DA:38,42
DA:39,42
DA:40,42
DA:41,42
DA:42,42
DA:43,42
DA:44,42
DA:45,42
DA:46,42
DA:47,42
DA:48,42
DA:49,42
DA:50,42
DA:51,42
DA:52,42
DA:53,42
DA:54,42
DA:55,42
DA:56,42
DA:57,42
DA:58,42
DA:59,42
DA:60,42
DA:61,42
DA:62,42
DA:63,42
DA:64,42
DA:65,42
DA:66,42
DA:67,42
DA:68,42
DA:69,42
DA:70,42
DA:71,42
DA:72,42
DA:73,42
DA:74,42
DA:75,42
DA:76,42
DA:77,42
DA:78,42
DA:79,42
DA:80,42
DA:81,42
DA:82,42
DA:83,42
DA:84,42
DA:85,42
DA:86,42
DA:87,42
DA:88,42
DA:89,42
DA:90,42
DA:91,42
DA:92,42
DA:93,42
DA:94,42
DA:95,42
DA:96,42
DA:97,42
DA:98,42
DA:99,42
DA:100,42
DA:101,42
DA:102,42
DA:103,42
DA:104,42
DA:105,42
DA:106,42
DA:107,42
DA:108,42
DA:109,42
DA:110,42
DA:111,42
DA:112,42
DA:113,42
DA:114,42
DA:115,3
DA:116,39
DA:117,42
DA:118,42
DA:119,42
DA:120,42
DA:121,42
DA:122,42
DA:123,42
DA:124,42
DA:125,42
DA:126,42
DA:127,42
DA:128,42
DA:129,42
DA:130,42
DA:131,42
DA:132,42
DA:133,42
DA:134,42
DA:135,42
DA:136,42
DA:137,42
DA:138,42
DA:139,42
DA:140,42
DA:141,42
DA:142,42
DA:143,42
DA:144,42
DA:145,42
DA:146,42
DA:147,42
DA:148,42
DA:149,42
DA:150,42
DA:151,42
DA:152,42
DA:153,42
DA:154,42
DA:155,42
DA:156,42
DA:157,42
DA:158,42
DA:159,42
DA:160,42
DA:161,42
DA:162,42
DA:163,42
DA:164,42
DA:165,42
DA:166,42
DA:167,42
DA:168,42
DA:169,42
DA:170,42
DA:171,42
DA:172,42
DA:173,42
DA:174,42
DA:175,42
DA:176,42
DA:177,42
DA:178,42
DA:179,42
DA:180,42
DA:181,42
DA:182,42
DA:183,42
DA:184,42
DA:185,42
DA:186,42
DA:187,42
DA:188,42
DA:189,42
DA:190,1
DA:191,1
LF:191
LH:191
BRDA:33,0,0,42
BRDA:91,1,0,3
BRDA:91,2,0,39
BRDA:114,3,0,3
BRDA:115,4,0,39
BRDA:119,5,0,3
BRDA:119,6,0,39
BRDA:157,7,0,6
BRDA:157,8,0,36
BRDA:160,9,0,40
BRDA:160,10,0,38
BRDA:154,11,0,7
BRDA:162,12,0,2
BRDA:171,13,0,2
BRDA:180,14,0,2
BRF:15
BRH:15
end_of_record
TN:
SF:MORA_APP/frontend/components/PaymentForm.tsx
FN:14,PaymentForm
FN:29,handleSubmit
FN:114,onChange
FN:138,onChange
FN:161,onChange
FN:175,onChange
FNF:6
FNH:6
FNDA:155,PaymentForm
FNDA:18,handleSubmit
FNDA:53,onChange
FNDA:3,onChange
FNDA:16,onChange
FNDA:22,onChange
DA:1,1
DA:2,1
DA:3,1
DA:4,1
DA:5,1
DA:6,1
DA:7,1
DA:8,1
DA:9,1
DA:10,1
DA:11,1
DA:12,1
DA:13,1
DA:14,1
DA:15,155
DA:16,155
DA:17,155
DA:18,155
DA:19,155
DA:20,155
DA:21,155
DA:22,155
DA:23,155
DA:24,155
DA:25,155
DA:26,155
DA:27,155
DA:28,155
DA:29,155
DA:30,18
DA:31,18
DA:32,18
DA:33,18
DA:34,18
DA:35,18
DA:36,18
DA:37,18
DA:38,18
DA:39,2
DA:40,2
DA:41,2
DA:42,2
DA:43,16
DA:44,18
DA:45,1
DA:46,1
DA:47,1
DA:48,1
DA:49,15
DA:50,15
DA:51,15
DA:52,15
DA:53,15
DA:54,15
DA:55,15
DA:56,15
DA:57,18
DA:58,18
DA:59,18
DA:60,18
DA:61,14
DA:62,18
DA:63,3
DA:64,3
DA:65,3
DA:66,3
DA:67,3
DA:68,11
DA:69,11
DA:70,11
DA:71,11
DA:72,11
DA:73,11
DA:74,11
DA:75,4
DA:76,4
DA:77,11
DA:78,18
DA:79,1
DA:80,18
DA:81,18
DA:82,18
DA:83,18
DA:84,155
DA:85,155
DA:86,155
DA:87,155
DA:88,155
DA:89,155
DA:90,155
DA:91,155
DA:92,155
DA:93,155
DA:94,155
DA:95,155
DA:96,155
DA:97,155
DA:98,155
DA:99,155
DA:100,155
DA:101,155
DA:102,155
DA:103,155
DA:104,155
DA:105,155
DA:106,155
DA:107,155
DA:108,155
DA:109,155
DA:110,155
DA:111,155
DA:112,155
DA:113,155
DA:114,155
DA:115,155
DA:116,155
DA:117,155
DA:118,155
DA:119,155
DA:120,155
DA:121,155
DA:122,155
DA:123,155
DA:124,155
DA:125,155
DA:126,155
DA:127,155
DA:128,155
DA:129,155
DA:130,155
DA:131,155
DA:132,155
DA:133,155
DA:134,155
DA:135,155
DA:136,155
DA:137,155
DA:138,155
DA:139,155
DA:140,155
DA:141,155
DA:142,155
DA:143,155
DA:144,155
DA:145,155
DA:146,155
DA:147,155
DA:148,155
DA:149,155
DA:150,155
DA:151,155
DA:152,155
DA:153,155
DA:154,155
DA:155,155
DA:156,155
DA:157,155
DA:158,155
DA:159,155
DA:160,155
DA:161,155
DA:162,155
DA:163,155
DA:164,155
DA:165,155
DA:166,155
DA:167,155
DA:168,155
DA:169,155
DA:170,155
DA:171,155
DA:172,155
DA:173,155
DA:174,155
DA:175,155
DA:176,155
DA:177,155
DA:178,155
DA:179,155
DA:180,155
DA:181,155
DA:182,155
DA:183,155
DA:184,155
DA:185,155
DA:186,155
DA:187,155
DA:188,155
DA:189,155
DA:190,155
DA:191,155
DA:192,155
DA:193,155
DA:194,155
DA:195,155
DA:196,1
DA:197,1
LF:197
LH:197
BRDA:14,0,0,155
BRDA:189,1,0,15
BRDA:189,2,0,140
BRDA:29,3,0,18
BRDA:38,4,0,2
BRDA:42,5,0,16
BRDA:44,6,0,1
BRDA:48,7,0,15
BRDA:57,8,0,13
BRDA:58,9,0,13
BRDA:60,10,0,14
BRDA:62,11,0,3
BRDA:64,12,0,1
BRDA:67,13,0,11
BRDA:78,14,0,1
BRDA:79,15,0,0
BRDA:80,16,0,12
BRDA:74,17,0,4
BRDA:114,18,0,53
BRDA:131,19,0,620
BRDA:142,20,0,155
BRDA:143,21,0,155
BRDA:144,22,0,155
BRDA:145,23,0,155
BRDA:138,24,0,3
BRDA:161,25,0,16
BRDA:175,26,0,22
BRF:27
BRH:26
end_of_record
TN:
SF:src/middleware.ts
FN:5,middleware
FN:18,getAll
FN:21,setAll
FNF:3
FNH:3
FNDA:5,middleware
FNDA:1,getAll
FNDA:1,setAll
DA:1,1
DA:2,1
DA:3,1
DA:4,1
DA:5,1
DA:6,5
DA:7,5
DA:8,5
DA:9,5
DA:10,5
DA:11,5
DA:12,5
DA:13,5
DA:14,5
DA:15,5
DA:16,5
DA:17,5
DA:18,5
DA:19,1
DA:20,1
DA:21,5
DA:22,1
DA:23,1
DA:24,1
DA:25,1
DA:26,1
DA:27,1
DA:28,1
DA:29,1
DA:30,1
DA:31,1
DA:32,1
DA:33,1
DA:34,5
DA:35,5
DA:36,5
DA:37,5
DA:38,5
DA:39,5
DA:40,5
DA:41,5
DA:42,5
DA:43,5
DA:44,5
DA:45,5
DA:46,1
DA:47,1
DA:48,4
DA:49,4
DA:50,5
DA:51,1
DA:52,1
DA:53,3
DA:54,3
DA:55,3
DA:56,1
DA:57,1
DA:58,1
DA:59,1
DA:60,1
DA:61,1
DA:62,1
DA:63,1
LF:63
LH:63
BRDA:5,0,0,5
BRDA:45,1,0,2
BRDA:45,2,0,1
BRDA:47,3,0,4
BRDA:50,4,0,3
BRDA:50,5,0,1
BRDA:52,6,0,3
BRDA:18,7,0,1
BRDA:21,8,0,1
BRDA:22,9,0,1
BRDA:30,10,0,1
BRF:11
BRH:11
end_of_record
TN:
SF:src/app/api/auth/login/route.ts
FN:6,POST
FN:28,getAll
FN:32,setAll
FNF:3
FNH:3
FNDA:3,POST
FNDA:1,getAll
FNDA:1,setAll
DA:1,1
DA:2,1
DA:3,1
DA:4,1
DA:5,1
DA:6,1
DA:7,3
DA:8,3
DA:9,3
DA:10,3
DA:11,3
DA:12,3
DA:13,3
DA:14,2
DA:15,2
DA:16,2
DA:17,2
DA:18,2
DA:19,3
DA:20,3
DA:21,3
DA:22,3
DA:23,3
DA:24,3
DA:25,3
DA:26,3
DA:27,3
DA:28,3
DA:29,1
DA:30,1
DA:31,1
DA:32,3
DA:33,1
DA:34,1
DA:35,1
DA:36,1
DA:37,1
DA:38,3
DA:39,3
DA:40,3
DA:41,3
DA:42,3
DA:43,3
DA:44,3
DA:45,3
DA:46,3
DA:47,3
DA:48,3
DA:49,2
DA:50,2
DA:51,2
DA:52,2
DA:53,3
DA:54,3
DA:55,3
DA:56,3
DA:57,3
DA:58,3
DA:59,3
DA:60,1
DA:61,1
DA:62,1
DA:63,1
DA:64,1
DA:65,1
DA:66,1
DA:67,1
DA:68,1
DA:69,1
DA:70,1
DA:71,3
LF:71
LH:71
BRDA:6,0,0,3
BRDA:10,1,0,2
BRDA:13,2,0,2
BRDA:19,3,0,2
BRDA:20,4,0,2
BRDA:43,5,0,2
BRDA:48,6,0,2
BRDA:53,7,0,1
BRDA:54,8,0,1
BRDA:55,9,0,1
BRDA:56,10,0,1
BRDA:59,11,0,1
BRDA:67,12,0,0
BRDA:68,13,0,0
BRDA:28,14,0,1
BRDA:32,15,0,1
BRDA:34,16,0,1
BRF:17
BRH:15
end_of_record
TN:
SF:src/app/api/health/route.ts
FN:3,GET
FNF:1
FNH:1
FNDA:1,GET
DA:1,1
DA:2,1
DA:3,1
DA:4,1
DA:5,1
DA:6,1
DA:7,1
DA:8,1
LF:8
LH:8
BRDA:3,0,0,1
BRF:1
BRH:1
end_of_record
TN:
SF:src/components/Toast/ToastContext.tsx
FN:22,ToastProvider
FN:53,useToast
FN:61,ToastContainer
FN:88,onClick
FNF:4
FNH:3
FNDA:2,ToastProvider
FNDA:2,useToast
FNDA:2,ToastContainer
FNDA:0,onClick
DA:1,1
DA:2,1
DA:3,1
DA:4,1
DA:5,1
DA:6,1
DA:7,1
DA:8,1
DA:9,1
DA:10,1
DA:11,1
DA:12,1
DA:13,1
DA:14,1
DA:15,1
DA:16,1
DA:17,1
DA:18,1
DA:19,1
DA:20,1
DA:21,1
DA:22,1
DA:23,2
DA:24,2
DA:25,2
DA:26,0
DA:27,2
DA:28,2
DA:29,2
DA:30,2
DA:31,1
DA:32,1
DA:33,1
DA:34,1
DA:35,1
DA:36,1
DA:37,0
DA:38,0
DA:39,0
DA:40,0
DA:41,1
DA:42,2
DA:43,2
DA:44,2
DA:45,2
DA:46,2
DA:47,2
DA:48,2
DA:49,2
DA:50,2
DA:51,2
DA:52,1
DA:53,1
DA:54,2
DA:55,2
DA:56,0
DA:57,0
DA:58,2
DA:59,2
DA:60,1
DA:61,2
DA:62,2
DA:63,2
DA:64,2
DA:65,2
DA:66,2
DA:67,2
DA:68,2
DA:69,2
DA:70,2
DA:71,1
DA:72,1
DA:73,2
DA:74,2
DA:75,2
DA:76,2
DA:77,2
DA:78,2
DA:79,2
DA:80,2
DA:81,2
DA:82,2
DA:83,2
DA:84,2
DA:85,2
DA:86,2
DA:87,2
DA:88,2
DA:89,2
DA:90,2
DA:91,2
DA:92,2
DA:93,2
DA:94,2
DA:95,2
DA:96,2
DA:97,2
LF:97
LH:90
BRDA:22,0,0,2
BRDA:30,1,0,1
BRDA:36,2,0,0
BRDA:34,3,0,1
BRDA:53,4,0,2
BRDA:55,5,0,0
BRDA:61,6,0,2
BRDA:70,7,0,1
BRDA:76,8,0,0
BRDA:79,9,0,0
BRDA:82,10,0,0
BRF:11
BRH:6
end_of_record
TN:
SF:src/components/ui/Button.tsx
FN:25,Button
FNF:1
FNH:1
FNDA:2,Button
DA:1,1
DA:2,1
DA:3,1
DA:4,1
DA:5,1
DA:6,1
DA:7,1
DA:8,1
DA:9,1
DA:10,1
DA:11,1
DA:12,1
DA:13,1
DA:14,1
DA:15,1
DA:16,1
DA:17,1
DA:18,1
DA:19,1
DA:20,1
DA:21,1
DA:22,1
DA:23,1
DA:24,1
DA:25,1
DA:26,2
DA:27,2
DA:28,2
DA:29,2
DA:30,2
DA:31,2
DA:32,2
DA:33,2
DA:34,2
DA:35,2
DA:36,2
DA:37,2
DA:38,2
DA:39,2
DA:40,2
DA:41,2
DA:42,2
DA:43,2
DA:44,2
DA:45,2
DA:46,2
DA:47,2
DA:48,1
DA:49,1
DA:50,1
DA:51,1
DA:52,1
DA:53,1
DA:54,2
DA:55,2
DA:56,2
DA:57,2
LF:57
LH:57
BRDA:25,0,0,2
BRDA:42,1,0,1
BRDA:42,2,0,1
BRDA:47,3,0,1
BRDA:53,4,0,1
BRF:5
BRH:5
end_of_record
TN:
SF:src/components/ui/Card.tsx
FN:9,Card
FNF:1
FNH:1
FNDA:2,Card
DA:1,1
DA:2,1
DA:3,1
DA:4,1
DA:5,1
DA:6,1
DA:7,1
DA:8,1
DA:9,1
DA:10,2
DA:11,2
DA:12,2
DA:13,2
DA:14,2
DA:15,2
DA:16,2
DA:17,2
DA:18,2
DA:19,2
DA:20,2
DA:21,2
DA:22,2
DA:23,2
DA:24,2
DA:25,2
DA:26,2
DA:27,2
DA:28,2
DA:29,2
DA:30,2
DA:31,2
DA:32,2
DA:33,2
DA:34,2
DA:35,2
DA:36,2
DA:37,2
DA:38,2
DA:39,2
DA:40,2
DA:41,2
LF:41
LH:41
BRDA:9,0,0,2
BRDA:24,1,0,1
BRF:2
BRH:2
end_of_record
TN:
SF:src/components/ui/EmptyState.tsx
FN:11,EmptyState
FNF:1
FNH:1
FNDA:1,EmptyState
DA:1,1
DA:2,1
DA:3,1
DA:4,1
DA:5,1
DA:6,1
DA:7,1
DA:8,1
DA:9,1
DA:10,1
DA:11,1
DA:12,1
DA:13,1
DA:14,1
DA:15,1
DA:16,1
DA:17,1
DA:18,1
DA:19,1
DA:20,1
DA:21,1
DA:22,1
DA:23,1
DA:24,1
DA:25,1
DA:26,1
DA:27,1
DA:28,1
DA:29,1
DA:30,1
DA:31,1
DA:32,1
DA:33,1
DA:34,1
DA:35,1
DA:36,1
LF:36
LH:36
BRDA:11,0,0,1
BRF:1
BRH:1
end_of_record
TN:
SF:src/components/ui/ErrorMessage.tsx
FN:6,ErrorMessage
FNF:1
FNH:1
FNDA:1,ErrorMessage
DA:1,1
DA:2,1
DA:3,1
DA:4,1
DA:5,1
DA:6,1
DA:7,1
DA:8,1
DA:9,1
DA:10,1
DA:11,1
DA:12,1
DA:13,1
DA:14,1
DA:15,1
DA:16,1
DA:17,1
DA:18,1
DA:19,1
DA:20,1
DA:21,1
DA:22,1
DA:23,1
LF:23
LH:23
BRDA:6,0,0,1
BRF:1
BRH:1
end_of_record
TN:
SF:src/components/ui/Input.tsx
FN:9,Input
FNF:1
FNH:1
FNDA:2,Input
DA:1,1
DA:2,1
DA:3,1
DA:4,1
DA:5,1
DA:6,1
DA:7,1
DA:8,1
DA:9,1
DA:10,2
DA:11,2
DA:12,2
DA:13,2
DA:14,2
DA:15,2
DA:16,2
DA:17,2
DA:18,2
DA:19,2
DA:20,2
DA:21,2
DA:22,2
DA:23,2
DA:24,2
DA:25,2
DA:26,2
DA:27,2
DA:28,2
DA:29,2
DA:30,2
DA:31,2
DA:32,2
DA:33,2
DA:34,2
DA:35,2
DA:36,2
DA:37,2
DA:38,2
DA:39,2
DA:40,2
DA:41,2
DA:42,2
DA:43,2
DA:44,2
DA:45,2
DA:46,2
LF:46
LH:46
BRDA:9,0,0,2
BRDA:17,1,0,1
BRDA:20,2,0,1
BRDA:20,3,0,1
BRDA:36,4,0,1
BRDA:36,5,0,1
BRF:6
BRH:6
end_of_record
TN:
SF:src/components/ui/LoadingSpinner.tsx
FN:6,LoadingSpinner
FNF:1
FNH:1
FNDA:2,LoadingSpinner
DA:1,1
DA:2,1
DA:3,1
DA:4,1
DA:5,1
DA:6,1
DA:7,2
DA:8,2
DA:9,2
DA:10,2
DA:11,2
DA:12,2
DA:13,2
DA:14,2
DA:15,2
DA:16,2
DA:17,2
DA:18,2
DA:19,2
DA:20,2
DA:21,2
DA:22,2
DA:23,1
DA:24,1
DA:25,1
DA:26,1
DA:27,1
DA:28,1
DA:29,1
DA:30,1
DA:31,1
DA:32,1
DA:33,1
DA:34,1
DA:35,1
LF:35
LH:35
BRDA:6,0,0,2
BRDA:22,1,0,1
BRF:2
BRH:2
end_of_record
TN:
SF:src/components/ui/index.ts
FNF:0
FNH:0
DA:1,1
DA:2,1
DA:3,1
DA:4,1
DA:5,1
DA:6,1
LF:6
LH:6
BRF:0
BRH:0
end_of_record
TN:
SF:src/lib/cache/cacheKeys.ts
FN:14,CLIENT
FN:15,CLIENT_SEARCH
FN:19,PRODUCT
FN:25,FIADO
FN:26,FIADOS_BY_CLIENT
FN:32,PAGO
FN:33,PAGOS_BY_FIADO
FN:37,VENTA
FN:39,VENTAS_BY_CLIENT
FN:98,getInvalidationKeysForMutation
FNF:10
FNH:10
FNDA:1,CLIENT
FNDA:1,CLIENT_SEARCH
FNDA:1,PRODUCT
FNDA:1,FIADO
FNDA:1,FIADOS_BY_CLIENT
FNDA:1,PAGO
FNDA:1,PAGOS_BY_FIADO
FNDA:1,VENTA
FNDA:1,VENTAS_BY_CLIENT
FNDA:2,getInvalidationKeysForMutation
DA:1,1
DA:2,1
DA:3,1
DA:4,1
DA:5,1
DA:6,1
DA:7,1
DA:8,1
DA:9,1
DA:10,1
DA:11,1
DA:12,1
DA:13,1
DA:14,1
DA:15,1
DA:16,1
DA:17,1
DA:18,1
DA:19,1
DA:20,1
DA:21,1
DA:22,1
DA:23,1
DA:24,1
DA:25,1
DA:26,1
DA:27,1
DA:28,1
DA:29,1
DA:30,1
DA:31,1
DA:32,1
DA:33,1
DA:34,1
DA:35,1
DA:36,1
DA:37,1
DA:38,1
DA:39,1
DA:40,1
DA:41,1
DA:42,1
DA:43,1
DA:44,1
DA:45,1
DA:46,1
DA:47,1
DA:48,1
DA:49,1
DA:50,1
DA:51,1
DA:52,1
DA:53,1
DA:54,1
DA:55,1
DA:56,1
DA:57,1
DA:58,1
DA:59,1
DA:60,1
DA:61,1
DA:62,1
DA:63,1
DA:64,1
DA:65,1
DA:66,1
DA:67,1
DA:68,1
DA:69,1
DA:70,1
DA:71,1
DA:72,1
DA:73,1
DA:74,1
DA:75,1
DA:76,1
DA:77,1
DA:78,1
DA:79,1
DA:80,1
DA:81,1
DA:82,1
DA:83,1
DA:84,1
DA:85,1
DA:86,1
DA:87,1
DA:88,1
DA:89,1
DA:90,1
DA:91,1
DA:92,1
DA:93,1
DA:94,1
DA:95,1
DA:96,1
DA:97,1
DA:98,1
DA:99,2
DA:100,2
LF:100
LH:100
BRDA:14,0,0,1
BRDA:15,1,0,1
BRDA:19,2,0,1
BRDA:25,3,0,1
BRDA:26,4,0,1
BRDA:32,5,0,1
BRDA:33,6,0,1
BRDA:37,7,0,1
BRDA:39,8,0,1
BRDA:98,9,0,2
BRDA:99,10,0,1
BRF:11
BRH:11
end_of_record
TN:
SF:src/lib/cache/cacheService.ts
FN:15,getCacheValue
FN:58,setCacheValue
FN:90,deleteCacheKey
FN:111,deleteCacheKeys
FN:136,clearAllCache
FN:157,getCacheOrFetch
FN:192,getCacheTTL
FNF:7
FNH:7
FNDA:12,getCacheValue
FNDA:9,setCacheValue
FNDA:2,deleteCacheKey
FNDA:2,deleteCacheKeys
FNDA:34,clearAllCache
FNDA:3,getCacheOrFetch
FNDA:2,getCacheTTL
DA:1,1
DA:2,1
DA:3,1
DA:4,1
DA:5,1
DA:6,1
DA:7,1
DA:8,1
DA:9,1
DA:10,1
DA:11,1
DA:12,1
DA:13,1
DA:14,1
DA:15,1
DA:16,12
DA:17,12
DA:18,1
DA:19,1
DA:20,11
DA:21,11
DA:22,11
DA:23,12
DA:24,2
DA:25,2
DA:26,2
DA:27,2
DA:28,2
DA:29,2
DA:30,2
DA:31,1
DA:32,1
DA:33,2
DA:34,2
DA:35,2
DA:36,9
DA:37,9
DA:38,9
DA:39,12
DA:40,3
DA:41,3
DA:42,6
DA:43,6
DA:44,12
DA:45,1
DA:46,1
DA:47,6
DA:48,6
DA:49,12
DA:50,0
DA:51,0
DA:52,0
DA:53,12
DA:54,1
DA:55,1
DA:56,1
DA:57,1
DA:58,1
DA:59,9
DA:60,9
DA:61,0
DA:62,0
DA:63,9
DA:64,9
DA:65,9
DA:66,9
DA:67,9
DA:68,9
DA:69,9
DA:70,1
DA:71,1
DA:72,1
DA:73,1
DA:74,1
DA:75,1
DA:76,8
DA:77,8
DA:78,8
DA:79,8
DA:80,8
DA:81,8
DA:82,9
DA:83,0
DA:84,0
DA:85,9
DA:86,1
DA:87,1
DA:88,1
DA:89,1
DA:90,1
DA:91,2
DA:92,2
DA:93,2
DA:94,1
DA:95,1
DA:96,1
DA:97,1
DA:98,1
DA:99,1
DA:100,1
DA:101,1
DA:102,1
DA:103,2
DA:104,0
DA:105,0
DA:106,2
DA:107,1
DA:108,1
DA:109,1
DA:110,1
DA:111,1
DA:112,2
DA:113,2
DA:114,2
DA:115,1
DA:116,1
DA:117,1
DA:118,1
DA:119,1
DA:120,1
DA:121,1
DA:122,1
DA:123,1
DA:124,1
DA:125,2
DA:126,2
DA:127,2
DA:128,2
DA:129,0
DA:130,0
DA:131,2
DA:132,1
DA:133,1
DA:134,1
DA:135,1
DA:136,1
DA:137,34
DA:138,34
DA:139,34
DA:140,1
DA:141,1
DA:142,1
DA:143,1
DA:144,1
DA:145,1
DA:146,33
DA:147,33
DA:148,33
DA:149,34
DA:150,0
DA:151,0
DA:152,34
DA:153,1
DA:154,1
DA:155,1
DA:156,1
DA:157,1
DA:158,3
DA:159,3
DA:160,3
DA:161,3
DA:162,3
DA:163,3
DA:164,1
DA:165,1
DA:166,1
DA:167,2
DA:168,2
DA:169,2
DA:170,2
DA:171,3
DA:172,1
DA:173,1
DA:174,1
DA:175,1
DA:176,1
DA:177,1
DA:178,1
DA:179,1
DA:180,1
DA:181,1
DA:182,3
DA:183,0
DA:184,0
DA:185,0
DA:186,0
DA:187,3
DA:188,1
DA:189,1
DA:190,1
DA:191,1
DA:192,1
DA:193,2
DA:194,2
DA:195,2
DA:196,2
DA:197,2
DA:198,2
DA:199,0
DA:200,0
LF:200
LH:181
BRDA:15,0,0,12
BRDA:17,1,0,1
BRDA:19,2,0,11
BRDA:23,3,0,2
BRDA:30,4,0,1
BRDA:35,5,0,9
BRDA:39,6,0,4
BRDA:39,7,0,3
BRDA:41,8,0,6
BRDA:44,9,0,1
BRDA:46,10,0,6
BRDA:49,11,0,0
BRDA:58,12,0,9
BRDA:60,13,0,0
BRDA:69,14,0,1
BRDA:75,15,0,8
BRDA:82,16,0,0
BRDA:90,17,0,2
BRDA:93,18,0,1
BRDA:103,19,0,0
BRDA:111,20,0,2
BRDA:114,21,0,1
BRDA:127,22,0,1
BRDA:128,23,0,0
BRDA:136,24,0,34
BRDA:139,25,0,1
BRDA:145,26,0,33
BRDA:149,27,0,0
BRDA:157,28,0,3
BRDA:163,29,0,1
BRDA:166,30,0,2
BRDA:171,31,0,1
BRDA:182,32,0,0
BRDA:192,33,0,2
BRDA:197,34,0,1
BRDA:197,35,0,1
BRDA:198,36,0,0
BRF:37
BRH:29
end_of_record
TN:
SF:src/lib/supabase/client.ts
FN:4,createClient
FNF:1
FNH:1
FNDA:1,createClient
DA:1,1
DA:2,1
DA:3,1
DA:4,1
DA:5,1
DA:6,1
DA:7,1
LF:7
LH:7
BRDA:4,0,0,1
BRF:1
BRH:1
end_of_record
TN:
SF:src/lib/supabase/env.ts
FN:4,clean
FN:7,getSupabaseEnv
FNF:2
FNH:2
FNDA:4,clean
FNDA:2,getSupabaseEnv
DA:1,1
DA:2,1
DA:3,1
DA:4,1
DA:5,4
DA:6,1
DA:7,1
DA:8,2
DA:9,2
DA:10,2
DA:11,2
DA:12,1
DA:13,1
DA:14,1
DA:15,1
DA:16,1
DA:17,1
DA:18,1
LF:18
LH:18
BRDA:4,0,0,4
BRDA:5,1,0,2
BRDA:7,2,0,2
BRDA:11,3,0,1
BRDA:11,4,0,1
BRF:5
BRH:5
end_of_record
TN:
SF:src/lib/supabase/server-utils.ts
FN:6,getUser
FN:12,getUserOrRedirect
FN:20,signOut
FNF:3
FNH:3
FNDA:3,getUser
FNDA:2,getUserOrRedirect
FNDA:1,signOut
DA:1,1
DA:2,1
DA:3,1
DA:4,1
DA:5,1
DA:6,1
DA:7,3
DA:8,3
DA:9,3
DA:10,3
DA:11,1
DA:12,1
DA:13,2
DA:14,2
DA:15,1
DA:16,1
DA:17,1
DA:18,1
DA:19,1
DA:20,1
DA:21,1
DA:22,1
DA:23,1
LF:23
LH:23
BRDA:6,0,0,3
BRDA:12,1,0,2
BRDA:14,2,0,1
BRDA:20,3,0,1
BRF:4
BRH:4
end_of_record
TN:
SF:src/lib/supabase/server.ts
FN:5,createClient
FN:14,getAll
FN:17,setAll
FNF:3
FNH:3
FNDA:2,createClient
FNDA:1,getAll
FNDA:2,setAll
DA:1,1
DA:2,1
DA:3,1
DA:4,1
DA:5,1
DA:6,2
DA:7,2
DA:8,2
DA:9,2
DA:10,2
DA:11,2
DA:12,2
DA:13,2
DA:14,2
DA:15,1
DA:16,1
DA:17,2
DA:18,2
DA:19,2
DA:20,2
DA:21,2
DA:22,2
DA:23,1
DA:24,1
DA:25,2
DA:26,2
DA:27,2
DA:28,2
DA:29,2
LF:29
LH:29
BRDA:5,0,0,2
BRDA:14,1,0,1
BRDA:17,2,0,2
BRDA:22,3,0,1
BRDA:19,4,0,2
BRF:5
BRH:5
end_of_record
TN:
SF:src/utils/validation.ts
FN:1,requerido
FN:5,esNumeroPositivo
FN:11,esEnteroPositivo
FN:18,esMontoValido
FNF:4
FNH:4
FNDA:3,requerido
FNDA:4,esNumeroPositivo
FNDA:3,esEnteroPositivo
FNDA:3,esMontoValido
DA:1,1
DA:2,3
DA:3,3
DA:4,1
DA:5,1
DA:6,4
DA:7,4
DA:8,2
DA:9,2
DA:10,1
DA:11,1
DA:12,3
DA:13,3
DA:14,3
DA:15,2
DA:16,2
DA:17,1
DA:18,1
DA:19,3
DA:20,3
DA:21,1
DA:22,1
LF:22
LH:22
BRDA:1,0,0,3
BRDA:2,1,0,2
BRDA:2,2,0,1
BRDA:5,3,0,4
BRDA:7,4,0,3
BRDA:7,5,0,2
BRDA:11,6,0,3
BRDA:14,7,0,1
BRDA:14,8,0,2
BRDA:18,9,0,3
BRDA:20,10,0,2
BRDA:20,11,0,2
BRDA:20,12,0,1
BRF:13
BRH:13
end_of_record
